<?xml version="1.0" encoding="UTF-8"?>
<!-- Generated by org.testng.reporters.JUnitReportReporter -->
<testsuite hostname="forge.trans.ge.com" failures="0" tests="4" name="restassuredtests.RestAssuredTests" time="4.716" errors="0" timestamp="2022-04-15T21:53:13 EDT" skipped="0">
  <testcase classname="restassuredtests.RestAssuredTests" name="postUserTest" time="0.329"/>
  <system-out/>
  <testcase classname="restassuredtests.RestAssuredTests" name="getUsersTest" time="0.280"/>
  <system-out/>
  <testcase classname="restassuredtests.RestAssuredTests" name="putUserTest" time="0.608"/>
  <system-out/>
  <testcase classname="restassuredtests.RestAssuredTests" name="deleteUserTest" time="3.499"/>
  <system-out/>
</testsuite> <!-- restassuredtests.RestAssuredTests -->
